# JRE version: Java(TM) SE Runtime Environment (8.0_111-b14) (build 1.8.0_111-b14)
# Java VM: Java HotSpot(TM) 64-Bit Server VM (25.111-b14 mixed mode linux-amd64 compressed oops)
Heap:
 PSYoungGen      total 33280K, used 27761K [0x00000000d5580000, 0x00000000d7880000, 0x0000000100000000)
  eden space 30720K, 82% used [0x00000000d5580000,0x00000000d6e20e78,0x00000000d7380000)
  from space 2560K, 99% used [0x00000000d7600000,0x00000000d787b8f0,0x00000000d7880000)
  to   space 2560K, 0% used [0x00000000d7380000,0x00000000d7380000,0x00000000d7600000)
 ParOldGen       total 40960K, used 4531K [0x0000000080000000, 0x0000000082800000, 0x00000000d5580000)
  object space 40960K, 11% used [0x0000000080000000,0x000000008046cef0,0x0000000082800000)
 Metaspace       used 10126K, capacity 10274K, committed 10368K, reserved 1058816K
  class space    used 1270K, capacity 1332K, committed 1408K, reserved 1048576K
GC Heap History (4 events):
Event: 0.721 GC heap before
{Heap before GC invocations=1 (full 0):
 PSYoungGen      total 17920K, used 15360K [0x00000000d5580000, 0x00000000d6980000, 0x0000000100000000)
  eden space 15360K, 100% used [0x00000000d5580000,0x00000000d6480000,0x00000000d6480000)
  from space 2560K, 0% used [0x00000000d6700000,0x00000000d6700000,0x00000000d6980000)
  to   space 2560K, 0% used [0x00000000d6480000,0x00000000d6480000,0x00000000d6700000)
 ParOldGen       total 40960K, used 0K [0x0000000080000000, 0x0000000082800000, 0x00000000d5580000)
  object space 40960K, 0% used [0x0000000080000000,0x0000000080000000,0x0000000082800000)
 Metaspace       used 5948K, capacity 6942K, committed 7040K, reserved 1056768K
  class space    used 808K, capacity 842K, committed 896K, reserved 1048576K
Event: 0.730 GC heap after
Heap after GC invocations=1 (full 0):
 PSYoungGen      total 17920K, used 2530K [0x00000000d5580000, 0x00000000d7880000, 0x0000000100000000)
  eden space 15360K, 0% used [0x00000000d5580000,0x00000000d5580000,0x00000000d6480000)
  from space 2560K, 98% used [0x00000000d6480000,0x00000000d66f8b20,0x00000000d6700000)
  to   space 2560K, 0% used [0x00000000d7600000,0x00000000d7600000,0x00000000d7880000)
 ParOldGen       total 40960K, used 293K [0x0000000080000000, 0x0000000082800000, 0x00000000d5580000)
  object space 40960K, 0% used [0x0000000080000000,0x0000000080049438,0x0000000082800000)
 Metaspace       used 5948K, capacity 6942K, committed 7040K, reserved 1056768K
  class space    used 808K, capacity 842K, committed 896K, reserved 1048576K
}
Event: 1.289 GC heap before
{Heap before GC invocations=2 (full 0):
 PSYoungGen      total 17920K, used 17890K [0x00000000d5580000, 0x00000000d7880000, 0x0000000100000000)
  eden space 15360K, 100% used [0x00000000d5580000,0x00000000d6480000,0x00000000d6480000)
  from space 2560K, 98% used [0x00000000d6480000,0x00000000d66f8b20,0x00000000d6700000)
  to   space 2560K, 0% used [0x00000000d7600000,0x00000000d7600000,0x00000000d7880000)
 ParOldGen       total 40960K, used 293K [0x0000000080000000, 0x0000000082800000, 0x00000000d5580000)
  object space 40960K, 0% used [0x0000000080000000,0x0000000080049438,0x0000000082800000)
 Metaspace       used 8337K, capacity 8412K, committed 8576K, reserved 1056768K
  class space    used 1097K, capacity 1139K, committed 1152K, reserved 1048576K
Event: 1.324 GC heap after
Heap after GC invocations=2 (full 0):
 PSYoungGen      total 33280K, used 2542K [0x00000000d5580000, 0x00000000d7880000, 0x0000000100000000)
  eden space 30720K, 0% used [0x00000000d5580000,0x00000000d5580000,0x00000000d7380000)
  from space 2560K, 99% used [0x00000000d7600000,0x00000000d787b8f0,0x00000000d7880000)
  to   space 2560K, 0% used [0x00000000d7380000,0x00000000d7380000,0x00000000d7600000)
 ParOldGen       total 40960K, used 4531K [0x0000000080000000, 0x0000000082800000, 0x00000000d5580000)
  object space 40960K, 11% used [0x0000000080000000,0x000000008046cef0,0x0000000082800000)
 Metaspace       used 8337K, capacity 8412K, committed 8576K, reserved 1056768K
  class space    used 1097K, capacity 1139K, committed 1152K, reserved 1048576K
}

